<?xml version="1.0" encoding="UTF-8"?>
<!-- Generated by org.testng.reporters.JUnitReportReporter -->
<testsuite hostname="5CD2319DSR" failures="0" tests="1" name="cucumberOptions.TestNGTestRunner" time="22.345" errors="0" timestamp="2025-06-15T22:17:35 IST" skipped="0">
  <testcase classname="cucumberOptions.TestNGTestRunner" name="runScenario" time="22.345"/>
</testsuite> <!-- cucumberOptions.TestNGTestRunner -->
