<?xml version="1.0" encoding="UTF-8"?>
<!-- Generated by org.testng.reporters.JUnitReportReporter -->
<testsuite hostname="5CD2319DSR" failures="0" tests="1" name="cucumberOptions.TestNGTestRunner" time="21.174" errors="0" timestamp="2025-06-16T19:12:15 IST" skipped="0">
  <testcase classname="cucumberOptions.TestNGTestRunner" name="runScenario" time="21.174"/>
</testsuite> <!-- cucumberOptions.TestNGTestRunner -->
